2021-04-03 13:21:51.367259706000 [44847(ThreadId 9)] ERROR APP - user error (<getModule> loaded module can not find from path. </home/cyberdemon/Coding/Haskell/haskellSample5/src/Lib.hs> [("Main","/home/cyberdemon/Coding/Haskell/haskellSample5/test/Spec.hs")])
2021-04-03 13:22:25.612588199000 [44932(ThreadId 9)] ERROR APP - user error (<getModule> loaded module can not find from path. </home/cyberdemon/Coding/Haskell/haskellSample5/src/Lib.hs> [("Main","/home/cyberdemon/Coding/Haskell/haskellSample5/test/Spec.hs")])
2021-04-12 21:07:41.176775584000 [286208(ThreadId 9)] ERROR APP - user error (<getModule> loaded module can not find from path. </home/cyberdemon/Coding/Haskell/haskellSample5/src/Lib.hs> [("Main","/home/cyberdemon/Coding/Haskell/haskellSample5/test/Spec.hs")])
2021-04-12 21:08:19.212836939000 [286295(ThreadId 9)] ERROR APP - user error (<getModule> loaded module can not find from path. </home/cyberdemon/Coding/Haskell/haskellSample5/src/Lib.hs> [("Main","/home/cyberdemon/Coding/Haskell/haskellSample5/test/Spec.hs")])
2021-04-12 21:09:14.515192645000 [286408(ThreadId 9)] ERROR APP - user error (<getModule> loaded module can not find from path. </home/cyberdemon/Coding/Haskell/haskellSample5/src/Lib.hs> [("Main","/home/cyberdemon/Coding/Haskell/haskellSample5/test/Spec.hs")])
2021-04-12 21:09:34.925401495000 [286487(ThreadId 9)] ERROR APP - user error (<getModule> loaded module can not find from path. </home/cyberdemon/Coding/Haskell/haskellSample5/src/Lib.hs> [("Main","/home/cyberdemon/Coding/Haskell/haskellSample5/test/Spec.hs")])
2021-04-12 21:10:07.466027909000 [286571(ThreadId 9)] ERROR APP - user error (<getModule> loaded module can not find from path. </home/cyberdemon/Coding/Haskell/haskellSample5/src/Lib.hs> [("Main","/home/cyberdemon/Coding/Haskell/haskellSample5/test/Spec.hs")])
2021-04-12 21:11:00.822633523000 [286686(ThreadId 9)] ERROR APP - user error (<getModule> loaded module can not find from path. </home/cyberdemon/Coding/Haskell/haskellSample5/src/Lib.hs> [("Main","/home/cyberdemon/Coding/Haskell/haskellSample5/test/Spec.hs")])
2021-04-12 21:12:23.584974154000 [286806(ThreadId 9)] ERROR APP - user error (<getModule> loaded module can not find from path. </home/cyberdemon/Coding/Haskell/haskellSample5/src/Lib.hs> [("Main","/home/cyberdemon/Coding/Haskell/haskellSample5/test/Spec.hs")])
2021-04-12 21:22:23.457733666000 [287754(ThreadId 9)] ERROR APP - user error (<getModule> loaded module can not find from path. </home/cyberdemon/Coding/Haskell/haskellSample5/src/Lib.hs> [("Main","/home/cyberdemon/Coding/Haskell/haskellSample5/test/Spec.hs")])
2021-04-12 21:22:44.961828960000 [287831(ThreadId 9)] ERROR APP - user error (<getModule> loaded module can not find from path. </home/cyberdemon/Coding/Haskell/haskellSample5/src/Lib.hs> [("Main","/home/cyberdemon/Coding/Haskell/haskellSample5/test/Spec.hs")])
2021-04-12 21:23:05.750338103000 [287905(ThreadId 9)] ERROR APP - user error (<getModule> loaded module can not find from path. </home/cyberdemon/Coding/Haskell/haskellSample5/src/Lib.hs> [("Main","/home/cyberdemon/Coding/Haskell/haskellSample5/test/Spec.hs")])
2021-04-12 21:24:45.726805043000 [288079(ThreadId 9)] ERROR APP - user error (<getModule> loaded module can not find from path. </home/cyberdemon/Coding/Haskell/haskellSample5/src/Lib.hs> [("Main","/home/cyberdemon/Coding/Haskell/haskellSample5/test/Spec.hs")])
2021-04-12 21:24:57.777917839000 [288129(ThreadId 9)] ERROR APP - user error (<getModule> loaded module can not find from path. </home/cyberdemon/Coding/Haskell/haskellSample5/src/Lib.hs> [("Main","/home/cyberdemon/Coding/Haskell/haskellSample5/test/Spec.hs")])
2021-04-12 21:25:42.285007107000 [288242(ThreadId 9)] ERROR APP - user error (<getModule> loaded module can not find from path. </home/cyberdemon/Coding/Haskell/haskellSample5/app/Main.hs> [("Main","/home/cyberdemon/Coding/Haskell/haskellSample5/test/Spec.hs")])
2021-04-12 21:27:51.047759747000 [288432(ThreadId 9)] ERROR APP - user error (<getModule> loaded module can not find from path. </home/cyberdemon/Coding/Haskell/haskellSample5/src/Lib.hs> [("Main","/home/cyberdemon/Coding/Haskell/haskellSample5/test/Spec.hs")])
2021-04-12 21:29:28.390199297000 [288581(ThreadId 9)] ERROR APP - user error (<getModule> loaded module can not find from path. </home/cyberdemon/Coding/Haskell/haskellSample5/src/Lib.hs> [("Main","/home/cyberdemon/Coding/Haskell/haskellSample5/test/Spec.hs")])
2021-04-12 22:51:12.617992137000 [297697(ThreadId 9)] ERROR APP - user error (<getModule> loaded module can not find from path. </home/cyberdemon/Coding/Haskell/haskellSample5/src/Lib.hs> [("Main","/home/cyberdemon/Coding/Haskell/haskellSample5/test/Spec.hs")])
2021-04-12 22:52:39.507082516000 [297983(ThreadId 9)] ERROR APP - user error (<getModule> loaded module can not find from path. </home/cyberdemon/Coding/Haskell/haskellSample5/src/Lib.hs> [("Main","/home/cyberdemon/Coding/Haskell/haskellSample5/test/Spec.hs")])
2021-04-12 22:55:12.773724240000 [298209(ThreadId 9)] ERROR APP - user error (<getModule> loaded module can not find from path. </home/cyberdemon/Coding/Haskell/haskellSample5/src/Lib.hs> [])
2021-04-12 22:55:12.860718175000 [298209(ThreadId 9)] ERROR APP - start debugging failed. user error (ExecResult not found.) : Left "user error (ExecResult not found.)"
2021-04-12 22:55:55.899030507000 [298296(ThreadId 9)] ERROR APP - user error (<getModule> loaded module can not find from path. </home/cyberdemon/Coding/Haskell/haskellSample5/src/Lib.hs> [])
2021-04-12 22:55:55.958590019000 [298296(ThreadId 9)] ERROR APP - start debugging failed. user error (ExecResult not found.) : Left "user error (ExecResult not found.)"
2021-04-12 22:56:27.144488847000 [298376(ThreadId 9)] ERROR APP - user error (<getModule> loaded module can not find from path. </home/cyberdemon/Coding/Haskell/haskellSample5/src/Lib.hs> [])
2021-04-12 22:56:27.259842100000 [298376(ThreadId 9)] ERROR APP - start debugging failed. user error (ExecResult not found.) : Left "user error (ExecResult not found.)"
2021-04-12 22:57:07.000575338000 [298462(ThreadId 9)] ERROR APP - user error (<getModule> loaded module can not find from path. </home/cyberdemon/Coding/Haskell/haskellSample5/src/Lib.hs> [])
2021-04-12 22:57:07.093187845000 [298462(ThreadId 9)] ERROR APP - start debugging failed. user error (ExecResult not found.) : Left "user error (ExecResult not found.)"
2021-04-12 22:57:36.237507682000 [298541(ThreadId 9)] ERROR APP - user error (<getModule> loaded module can not find from path. </home/cyberdemon/Coding/Haskell/haskellSample5/app/Main.hs> [])
2021-04-12 22:57:36.301168296000 [298541(ThreadId 9)] ERROR APP - start debugging failed. user error (ExecResult not found.) : Left "user error (ExecResult not found.)"
2021-04-12 23:04:14.383779736000 [299043(ThreadId 9)] ERROR APP - user error (variable id:10 not found.)
2021-04-13 10:48:42.382340264000 [6597(ThreadId 9)] ERROR APP - invalid dap result from ghci. []
2021-04-13 10:48:59.717981382000 [6597(ThreadId 9)] ERROR APP - <file descriptor: 26>: hPutChar: resource vanished (Broken pipe)
2021-04-13 10:49:16.451339411000 [6597(ThreadId 9)] CRITICAL APP - <file descriptor: 26>: hPutChar: resource vanished (Broken pipe)
2021-04-13 12:12:49.820034673000 [14101(ThreadId 9)] ERROR APP - user error (<getModule> loaded module can not find from path. </home/cyberdemon/Coding/Haskell/haskellSample5/src/Lib.hs> [])
2021-04-13 12:12:49.882572495000 [14101(ThreadId 9)] ERROR APP - start debugging failed. user error (ExecResult not found.) : Left "user error (ExecResult not found.)"
2021-04-13 22:16:31.998082589000 [47987(ThreadId 9)] ERROR APP - user error (<getModule> loaded module can not find from path. </home/cyberdemon/Coding/Haskell/haskellSample5/src/Lib.hs> [])
2021-04-13 22:16:32.027067765000 [47987(ThreadId 9)] ERROR APP - start debugging failed. user error (ExecResult not found.) : Left "user error (ExecResult not found.)"
